[2025-04-02 11:25:33,176: INFO: main: Welcome to Our Custom Logging]
[2025-04-02 16:40:15,393: INFO: common: yaml file: config/config.yaml loaded successfully]
[2025-04-02 16:40:15,396: INFO: common: yaml file: params.yaml loaded successfully]
[2025-04-02 16:41:22,313: INFO: common: yaml file: config/config.yaml loaded successfully]
[2025-04-02 16:41:22,318: INFO: common: yaml file: params.yaml loaded successfully]
[2025-04-02 16:41:22,319: INFO: common: yaml file: schema.yaml loaded successfully]
[2025-04-02 16:41:22,319: INFO: common: created directory at: artifacts]
[2025-04-02 16:41:22,320: INFO: common: created directory at: artifacts/data_ingestion]
[2025-04-02 16:41:23,222: INFO: 2366278714: artifacts/data_ingestion/data.zip download! with following info: 
Connection: close
Content-Length: 23329
Cache-Control: max-age=300
Content-Security-Policy: default-src 'none'; style-src 'unsafe-inline'; sandbox
Content-Type: application/zip
ETag: "c69888a4ae59bc5a893392785a938ccd4937981c06ba8a9d6a21aa52b4ab5b6e"
Strict-Transport-Security: max-age=31536000
X-Content-Type-Options: nosniff
X-Frame-Options: deny
X-XSS-Protection: 1; mode=block
X-GitHub-Request-Id: FBBE:1E1549:18F7FF:3B1CF0:67ED1B59
Accept-Ranges: bytes
Date: Wed, 02 Apr 2025 11:11:23 GMT
Via: 1.1 varnish
X-Served-By: cache-hyd1100027-HYD
X-Cache: MISS
X-Cache-Hits: 0
X-Timer: S1743592283.956648,VS0,VE296
Vary: Authorization,Accept-Encoding,Origin
Access-Control-Allow-Origin: *
Cross-Origin-Resource-Policy: cross-origin
X-Fastly-Request-ID: 9bc1d3e213421df480a29b2bd2256a111a6f39fa
Expires: Wed, 02 Apr 2025 11:16:23 GMT
Source-Age: 0

]
[2025-04-02 16:55:33,644: INFO: main: >>>>>> stage Data Ingestion stage started <<<<<<]
[2025-04-02 16:55:33,645: INFO: common: yaml file: config/config.yaml loaded successfully]
[2025-04-02 16:55:33,646: INFO: common: yaml file: params.yaml loaded successfully]
[2025-04-02 16:55:33,646: INFO: common: yaml file: schema.yaml loaded successfully]
[2025-04-02 16:55:33,646: INFO: common: created directory at: artifacts]
[2025-04-02 16:55:33,646: INFO: common: created directory at: artifacts/data_ingestion]
[2025-04-02 16:55:33,646: INFO: data_ingestion: File already exists of size: ~ 23 KB]
[2025-04-02 16:55:33,655: INFO: main: >>>>>> stage Data Ingestion stage completed <<<<<<

x==========x]
